0 info it worked if it ends with ok
1 verbose cli [ 'node', '/usr/local/bin/npm', 'update', '-g', 'bower' ]
2 info using npm@1.4.9
3 info using node@v0.10.28
4 verbose url raw bower
5 verbose url resolving [ 'https://registry.npmjs.org/', './bower' ]
6 verbose url resolved https://registry.npmjs.org/bower
7 info trying registry request attempt 1 at 13:35:52
8 verbose etag "CEMR1HQYCLE8N4O2HHP7EN0EZ"
9 http GET https://registry.npmjs.org/bower
10 info outdated updating []
11 error Failed to parse json
11 error Unexpected end of input
12 error File: /usr/local/lib/node_modules/sails/node_modules/fs-extra/package.json
13 error Failed to parse package.json data.
13 error package.json must be actual JSON, not just JavaScript.
13 error
13 error This is not a bug in npm.
13 error Tell the package author to fix their package.json file. JSON.parse
14 error System Darwin 14.0.0
15 error command "node" "/usr/local/bin/npm" "update" "-g" "bower"
16 error cwd /Users/steventhanna/Desktop/Work/fun-fitness-studios
17 error node -v v0.10.28
18 error npm -v 1.4.9
19 error file /usr/local/lib/node_modules/sails/node_modules/fs-extra/package.json
20 error code EJSONPARSE
21 verbose exit [ 1, true ]
